MPASM  5.14                  SENSORES_INT.ASM   9-22-2023  21:06:33         PAGE  1


LOC  OBJECT CODE     LINE SOURCE TEXT
  VALUE

                      00001 ; SENSORES ANALOGOS MEDIANTE INTERRUPCIÓN
                      00002 ; Luigi Lopez Buitrago - 201813525
                      00003 ; Esteban Martinez Camargo - 201820396
                      00004 
                      00005                 LIST            P=16F877A
                      00006                 INCLUDE         <P16F877A.inc>
                      00001         LIST
                      00002 ; P16F877A.INC  Standard Header File, Version 1.00    Microchip Technology, Inc.
                      00400         LIST
2007   3F72           00007                 __CONFIG        _HS_OSC & _WDT_OFF & _PWRTE_ON & _LVP_OFF & _CP_OFF
                      00008 
                      00009                 CBLOCK  0x20
  00000020            00010                 bin_adc
  00000021            00011                 suma_dec
  00000022            00012                 binario         
                      00013                 ENDC
                      00014 
0000                  00015                 ORG     0
0000   2805           00016                 GOTO    INICIO
0004                  00017                 ORG             4
0004   2864           00018                 GOTO    INTERRUPCION
                      00019 
                      00020 ; CONFIGURACION
0005                  00021 INICIO
                      00022                 ; Interrupciones: INT
0005   1283 1303      00023                 BANKSEL INTCON                  
0007   3090           00024                 MOVLW   b'10010000'
0008   008B           00025                 MOVWF   INTCON
0009   1683 1303      00026                 BANKSEL OPTION_REG
Message[302]: Register in operand not in bank 0.  Ensure that bank bits are correct.
000B   1701           00027                 BSF             OPTION_REG,6
                      00028                 ; ENTRADAS:
                      00029                 ; Temperatura (RA0)
                      00030                 ; Calidad Aire (RA1)
                      00031                 ; Pulsador (RB0)
                      00032                 ; SALIDAS:
                      00033                 ; LED Temperatura (RB1)
                      00034                 ; LED Calidad Aire (RB2)
                      00035                 ; Display Decenas (RC6:RC0)
                      00036                 ; Display Unidades (RD6:RD0)
000C   1683 1303      00037                 BANKSEL TRISA
000E   300B           00038                 MOVLW   B'00001011'
Message[302]: Register in operand not in bank 0.  Ensure that bank bits are correct.
000F   0085           00039                 MOVWF   TRISA
0010   3001           00040                 MOVLW   0x01
Message[302]: Register in operand not in bank 0.  Ensure that bank bits are correct.
0011   0086           00041                 MOVWF   TRISB
Message[302]: Register in operand not in bank 0.  Ensure that bank bits are correct.
0012   0187           00042                 CLRF    TRISC
Message[302]: Register in operand not in bank 0.  Ensure that bank bits are correct.
0013   0188           00043                 CLRF    TRISD
                      00044                 ; AN0, AN1 y AN3(a tierra) : analogos
0014   3084           00045                 MOVLW   B'10000100'
MPASM  5.14                  SENSORES_INT.ASM   9-22-2023  21:06:33         PAGE  2


LOC  OBJECT CODE     LINE SOURCE TEXT
  VALUE

Message[302]: Register in operand not in bank 0.  Ensure that bank bits are correct.
0015   009F           00046                 MOVWF   ADCON1
                      00047                 ; F_osc/8, Channel 0, A/D on bit:on
0016   1283 1303      00048                 BANKSEL ADCON0
0018   3041           00049                 MOVLW   B'01000001'     
0019   009F           00050                 MOVWF   ADCON0
001A   01A3           00051                 CLRF    contador
                      00052                 
                      00053 ; ¿CONTADOR ES IMPAR?
001B                  00054 SEL_CANAL
001B   1C23           00055             BTFSS       contador,0      
001C   2821           00056             GOTO        CANAL0
                      00057 
                      00058 ; LECTURA CANAL ANALOGO 1
001D                  00059 CANAL1
001D   1086           00060             BCF         PORTB,1
001E   1506           00061             BSF         PORTB,2
001F   159F           00062                 BSF             ADCON0,CHS0
0020   2825           00063                 GOTO    ADC_CONVERT
                      00064 
                      00065 ; LECTURA CANAL ANALOGO 0
0021                  00066 CANAL0
0021   1486           00067             BSF         PORTB,1
0022   1106           00068             BCF         PORTB,2
0023   119F           00069                 BCF             ADCON0,CHS0
0024   2825           00070                 GOTO    ADC_CONVERT
                      00071 
                      00072 ; CONVERSION ANALOGO-DIGITAL
0025                  00073 ADC_CONVERT
0025   151F           00074                 BSF             ADCON0,GO
                      00075 
0026                  00076 ADC_LOOP
0026   191F           00077                 BTFSC   ADCON0,GO
0027   2826           00078                 GOTO    ADC_LOOP
0028   1683 1303      00079                 BANKSEL ADRESL
Message[302]: Register in operand not in bank 0.  Ensure that bank bits are correct.
002A   081E           00080                 MOVF    ADRESL,W
002B   1283 1303      00081                 BANKSEL ADCON0
002D   00A0           00082                 MOVWF   bin_adc
002E   20A4           00083                 CALL    Retardo_500ms
002F   2830           00084                 GOTO    ADECUACION_TEMPERATURA
                      00085 
0030                  00086 ADECUACION_TEMPERATURA
0030   1905           00087                 BTFSC   PORTA,2
0031   2835           00088                 GOTO    INICIO_CODIFICACION
0032   0CA0           00089                 RRF             bin_adc,F
0033   307F           00090                 MOVLW   0x7F
0034   05A0           00091                 ANDWF   bin_adc,F
                      00092                 
                      00093 ; CODIFICAR BINARIO BCD A
                      00094 ; LA SALIDA EN DISPLAYS 7 SEGMENTOS
0035                  00095 INICIO_CODIFICACION
0035   01A1           00096         CLRF    suma_dec
MPASM  5.14                  SENSORES_INT.ASM   9-22-2023  21:06:33         PAGE  3


LOC  OBJECT CODE     LINE SOURCE TEXT
  VALUE

0036   0820           00097         MOVF    bin_adc,W
0037   00A2           00098         MOVWF   binario
0038   30FF           00099         MOVLW   0xFF
0039   05A2           00100         ANDWF   binario,F
003A   300A           00101         MOVLW   0x0A
003B   0222           00102         SUBWF   binario,W
003C   1C03           00103         BTFSS   STATUS,C
003D   283F           00104         GOTO    UNIDADES
003E   2845           00105         GOTO    DECENAS
                      00106 
                      00107 ; VISUALIZAR SALIDAS EN DISPLAY 7 SEGMENTOS    
003F                  00108 UNIDADES
003F   30C0           00109                 MOVLW   0xC0
0040   0087           00110                 MOVWF   PORTC
0041   0822           00111         MOVF    binario,W
0042   2059           00112         CALL    DISPLAY
                      00113 
0043   0088           00114         MOVWF   PORTD
0044   281B           00115                 GOTO    SEL_CANAL
                      00116                 
0045                  00117 DECENAS
0045   3001           00118         MOVLW   0x01
0046   0721           00119         ADDWF   suma_dec, W
0047   00A1           00120         MOVWF   suma_dec
0048   300A           00121         MOVLW   0x0A
0049   0222           00122         SUBWF   binario, W
004A   00A2           00123         MOVWF   binario
004B   1C03           00124         BTFSS   STATUS,C
004C   284E           00125         GOTO    MOSTRAR_DEC
004D   2845           00126         GOTO    DECENAS
                      00127 
                      00128 ; VISUALIZAR SALIDAS EN DISPLAY 7 SEGMENTOS
004E                  00129 MOSTRAR_DEC
004E   300A           00130         MOVLW   0x0A
004F   0722           00131         ADDWF   binario, W
0050   00A2           00132         MOVWF   binario
0051   2059           00133         CALL    DISPLAY
0052   0088           00134         MOVWF   PORTD
                      00135 
0053   3001           00136         MOVLW   0x01
0054   0221           00137         SUBWF   suma_dec, W
0055   00A1           00138         MOVWF   suma_dec
0056   2059           00139         CALL    DISPLAY
0057   0087           00140         MOVWF   PORTC
0058   281B           00141         GOTO    SEL_CANAL
                      00142 
0059                  00143 DISPLAY
0059   0782           00144         ADDWF   PCL,F   ;Para anodo comun
005A   34C0           00145         RETLW   0xC0    ;0
005B   34F9           00146         RETLW   0xF9    ;1
005C   34A4           00147         RETLW   0xA4    ;2
005D   34B0           00148         RETLW   0xB0    ;3
005E   3499           00149         RETLW   0x99    ;4
MPASM  5.14                  SENSORES_INT.ASM   9-22-2023  21:06:33         PAGE  4


LOC  OBJECT CODE     LINE SOURCE TEXT
  VALUE

005F   3492           00150         RETLW   0x92    ;5
0060   3482           00151         RETLW   0x82    ;6
0061   34F8           00152         RETLW   0xF8    ;7
0062   3480           00153         RETLW   0x80    ;8
0063   3490           00154         RETLW   0x90    ;9
                      00155    
                      00156                 INCLUDE <INTERRUPCION.inc>
                      00001                 CBLOCK
  00000023            00002                 contador
                      00003                 ENDC
                      00004                 
0064                  00005 INTERRUPCION
0064   2088           00006                 CALL    Retardo_20ms
0065   1C06           00007                 BTFSS   PORTB,0
0066   2869           00008                 GOTO    LIMPIAR_INTF
0067   0AA3           00009                 INCF    contador,F
0068   0823           00010                 MOVF    contador,W
                      00011                 
0069                  00012 LIMPIAR_INTF
0069   108B           00013                 BCF             INTCON,INTF
006A   0009           00014                 RETFIE
                      00015                 
                      00157                 INCLUDE <RETARDO.inc>
                      00001 ;**************************** Librería "RETARDOS.INC" *********************************
                      00002 ;
                      00003 ;       ===================================================================
                      00004 ;         Del libro "MICROCONTROLADOR PIC16F84. DESARROLLO DE PROYECTOS"
                      00005 ;         E. Palacios, F. Remiro y L. López.            www.pic16f84a.com
                      00006 ;         Editorial Ra-Ma.  www.ra-ma.es
                      00007 ;       ===================================================================
                      00008 ;
                      00009 ; Librería con múltiples subrutinas de retardos, desde 4 microsegundos hasta 20 segundos. 
                      00010 ; Además se pueden implementar otras subrutinas muy fácilmente.
                      00011 ;
                      00012 ; Se han calculado para un sistema microcontrolador con un PIC trabajando con un cristal
                      00013 ; de cuarzo a 4 MHz. Como cada ciclo máquina son 4 ciclos de reloj, resulta que cada
                      00014 ; ciclo máquina tarda 4 x 1/4MHz = 1 µs.
                      00015 ;
                      00016 ; En los comentarios, "cm" significa "ciclos máquina".
                      00017 ;
                      00018 ; ZONA DE DATOS *********************************************************************
                      00019 
                      00020         CBLOCK
  00000024            00021         R_ContA                                         ; Contadores para los retardos.
  00000025            00022         R_ContB
  00000026            00023         R_ContC
                      00024         ENDC
                      00025 ;
                      00026 ; RETARDOS de 4 hasta 10 microsegundos ---------------------------------------------------
                      00027 ;
                      00028 ; A continuación retardos pequeños teniendo en cuenta que para una frecuencia de 4 MHZ,
                      00029 ; la llamada a subrutina "call" tarda 2 ciclos máquina, el retorno de subrutina
                      00030 ; "return" toma otros 2 ciclos máquina y cada instrucción "nop" tarda 1 ciclo máquina.
MPASM  5.14                  SENSORES_INT.ASM   9-22-2023  21:06:33         PAGE  5


LOC  OBJECT CODE     LINE SOURCE TEXT
  VALUE

                      00031 ;
006B                  00032 Retardo_10micros                                ; La llamada "call" aporta 2 ciclos máquina.
006B   0000           00033         nop                                                     ; Aporta 1 ciclo máquina.
006C   0000           00034         nop                                                     ; Aporta 1 ciclo máquina.
006D   0000           00035         nop                                                     ; Aporta 1 ciclo máquina.
006E   0000           00036         nop                                                     ; Aporta 1 ciclo máquina.
006F   0000           00037         nop                                                     ; Aporta 1 ciclo máquina.
0070                  00038 Retardo_5micros                                 ; La llamada "call" aporta 2 ciclos máquina.
0070   0000           00039         nop                                                     ; Aporta 1 ciclo máquina.
0071                  00040 Retardo_4micros                                 ; La llamada "call" aporta 2 ciclos máquina.
0071   0008           00041         return                                          ; El salto del retorno aporta 2 ciclos máquina.
                      00042 ;
                      00043 ; RETARDOS de 20 hasta 500 microsegundos ------------------------------------------------
                      00044 ;
0072                  00045 Retardo_500micros                               ; La llamada "call" aporta 2 ciclos máquina.
0072   0000           00046         nop                                                     ; Aporta 1 ciclo máquina.
0073   30A4           00047         movlw   d'164'                          ; Aporta 1 ciclo máquina. Este es el valor de "K".
0074   287E           00048         goto    RetardoMicros           ; Aporta 2 ciclos máquina.
0075                  00049 Retardo_200micros                               ; La llamada "call" aporta 2 ciclos máquina.
0075   0000           00050         nop                                                     ; Aporta 1 ciclo máquina.
0076   3040           00051         movlw   d'64'                           ; Aporta 1 ciclo máquina. Este es el valor de "K".
0077   287E           00052         goto    RetardoMicros           ; Aporta 2 ciclos máquina.
0078                  00053 Retardo_100micros                               ; La llamada "call" aporta 2 ciclos máquina.
0078   301F           00054         movlw   d'31'                           ; Aporta 1 ciclo máquina. Este es el valor de "K".
0079   287E           00055         goto    RetardoMicros           ; Aporta 2 ciclos máquina.
007A                  00056 Retardo_50micros                                ; La llamada "call" aporta 2 ciclos máquina.
007A   0000           00057         nop                                                     ; Aporta 1 ciclo máquina.
007B   300E           00058         movlw   d'14'                           ; Aporta 1 ciclo máquina. Este es el valor de "K".
007C   287E           00059         goto    RetardoMicros           ; Aporta 2 ciclos máquina.
007D                  00060 Retardo_20micros                                ; La llamada "call" aporta 2 ciclos máquina.
007D   3005           00061         movlw   d'5'                            ; Aporta 1 ciclo máquina. Este es el valor de "K".
                      00062 ;
                      00063 ; El próximo bloque "RetardoMicros" tarda:
                      00064 ; 1 + (K-1) + 2 + (K-1)x2 + 2 = (2 + 3K) ciclos máquina.
                      00065 ;
007E                  00066 RetardoMicros
007E   00A4           00067         movwf   R_ContA                         ; Aporta 1 ciclo máquina.
007F                  00068 Rmicros_Bucle
007F   0BA4           00069         decfsz  R_ContA,F                       ; (K-1)x1 cm (cuando no salta) + 2 cm (al saltar).
0080   287F           00070         goto    Rmicros_Bucle           ; Aporta (K-1)x2 ciclos máquina.
0081   0008           00071         return                                          ; El salto del retorno aporta 2 ciclos máquina.
                      00072 ;
                      00073 ;En total estas subrutinas tardan:
                      00074 ; - Retardo_500micros:  2 + 1 + 1 + 2 + (2 + 3K) = 500 cm = 500 µs. (para K=164 y 4 MHz).
                      00075 ; - Retardo_200micros:  2 + 1 + 1 + 2 + (2 + 3K) = 200 cm = 200 µs. (para K= 64 y 4 MHz).
                      00076 ; - Retardo_100micros:  2     + 1 + 2 + (2 + 3K) = 100 cm = 100 µs. (para K= 31 y 4 MHz).
                      00077 ; - Retardo_50micros :  2 + 1 + 1 + 2 + (2 + 3K) =  50 cm =  50 µs. (para K= 14 y 4 MHz).
                      00078 ; - Retardo_20micros :  2     + 1     + (2 + 3K) =  20 cm =  20 µs. (para K=  5 y 4 MHz).
                      00079 ;
                      00080 ; RETARDOS de 1 ms hasta 200 ms. --------------------------------------------------------
                      00081 ;
0082                  00082 Retardo_200ms                                   ; La llamada "call" aporta 2 ciclos máquina.
0082   30C8           00083         movlw   d'200'                          ; Aporta 1 ciclo máquina. Este es el valor de "M".
MPASM  5.14                  SENSORES_INT.ASM   9-22-2023  21:06:33         PAGE  6


LOC  OBJECT CODE     LINE SOURCE TEXT
  VALUE

0083   2891           00084         goto    Retardos_ms                     ; Aporta 2 ciclos máquina.
0084                  00085 Retardo_100ms                                   ; La llamada "call" aporta 2 ciclos máquina.
0084   3064           00086         movlw   d'100'                          ; Aporta 1 ciclo máquina. Este es el valor de "M".
0085   2891           00087         goto    Retardos_ms                     ; Aporta 2 ciclos máquina.
0086                  00088 Retardo_50ms                                    ; La llamada "call" aporta 2 ciclos máquina.
0086   3032           00089         movlw   d'50'                           ; Aporta 1 ciclo máquina. Este es el valor de "M".
0087   2891           00090         goto    Retardos_ms                     ; Aporta 2 ciclos máquina.
0088                  00091 Retardo_20ms                                    ; La llamada "call" aporta 2 ciclos máquina.
0088   3014           00092         movlw   d'20'                           ; Aporta 1 ciclo máquina. Este es el valor de "M".
0089   2891           00093         goto    Retardos_ms                     ; Aporta 2 ciclos máquina.
008A                  00094 Retardo_10ms                                    ; La llamada "call" aporta 2 ciclos máquina.
008A   300A           00095         movlw   d'10'                           ; Aporta 1 ciclo máquina. Este es el valor de "M".
008B   2891           00096         goto    Retardos_ms                     ; Aporta 2 ciclos máquina.
008C                  00097 Retardo_5ms                                             ; La llamada "call" aporta 2 ciclos máquina.
008C   3005           00098         movlw   d'5'                            ; Aporta 1 ciclo máquina. Este es el valor de "M".
008D   2891           00099         goto    Retardos_ms                     ; Aporta 2 ciclos máquina.
008E                  00100 Retardo_2ms                                             ; La llamada "call" aporta 2 ciclos máquina.
008E   3002           00101         movlw   d'2'                            ; Aporta 1 ciclo máquina. Este es el valor de "M".
008F   2891           00102         goto    Retardos_ms                     ; Aporta 2 ciclos máquina.
0090                  00103 Retardo_1ms                                             ; La llamada "call" aporta 2 ciclos máquina.
0090   3001           00104         movlw   d'1'                            ; Aporta 1 ciclo máquina. Este es el valor de "M".
                      00105 ;
                      00106 ; El próximo bloque "Retardos_ms" tarda:
                      00107 ; 1 + M + M + KxM + (K-1)xM + Mx2 + (K-1)Mx2 + (M-1) + 2 + (M-1)x2 + 2 =
                      00108 ; = (2 + 4M + 4KM) ciclos máquina. Para K=249 y M=1 supone 1002 ciclos máquina
                      00109 ; que a 4 MHz son 1002 µs = 1 ms.
                      00110 ;
0091                  00111 Retardos_ms
0091   00A5           00112         movwf   R_ContB                         ; Aporta 1 ciclo máquina.
0092                  00113 R1ms_BucleExterno
0092   30F9           00114         movlw   d'249'                          ; Aporta Mx1 ciclos máquina. Este es el valor de "K".
0093   00A4           00115         movwf   R_ContA                         ; Aporta Mx1 ciclos máquina.
0094                  00116 R1ms_BucleInterno
0094   0000           00117         nop                                                     ; Aporta KxMx1 ciclos máquina.
0095   0BA4           00118         decfsz  R_ContA,F                       ; (K-1)xMx1 cm (cuando no salta) + Mx2 cm (al saltar).
0096   2894           00119         goto    R1ms_BucleInterno       ; Aporta (K-1)xMx2 ciclos máquina.
0097   0BA5           00120         decfsz  R_ContB,F                       ; (M-1)x1 cm (cuando no salta) + 2 cm (al saltar).
0098   2892           00121         goto    R1ms_BucleExterno       ; Aporta (M-1)x2 ciclos máquina.
0099   0008           00122         return                                          ; El salto del retorno aporta 2 ciclos máquina.
                      00123 ;
                      00124 ;En total estas subrutinas tardan:
                      00125 ; - Retardo_200ms:      2 + 1 + 2 + (2 + 4M + 4KM) = 200007 cm = 200 ms. (M=200 y K=249).
                      00126 ; - Retardo_100ms:      2 + 1 + 2 + (2 + 4M + 4KM) = 100007 cm = 100 ms. (M=100 y K=249).
                      00127 ; - Retardo_50ms :      2 + 1 + 2 + (2 + 4M + 4KM) =  50007 cm =  50 ms. (M= 50 y K=249).
                      00128 ; - Retardo_20ms :      2 + 1 + 2 + (2 + 4M + 4KM) =  20007 cm =  20 ms. (M= 20 y K=249).
                      00129 ; - Retardo_10ms :      2 + 1 + 2 + (2 + 4M + 4KM) =  10007 cm =  10 ms. (M= 10 y K=249).
                      00130 ; - Retardo_5ms  :      2 + 1 + 2 + (2 + 4M + 4KM) =   5007 cm =   5 ms. (M=  5 y K=249).
                      00131 ; - Retardo_2ms  :      2 + 1 + 2 + (2 + 4M + 4KM) =   2007 cm =   2 ms. (M=  2 y K=249).
                      00132 ; - Retardo_1ms  :      2 + 1     + (2 + 4M + 4KM) =   1005 cm =   1 ms. (M=  1 y K=249).
                      00133 ;
                      00134 ; RETARDOS de 0.5 hasta 20 segundos ---------------------------------------------------
                      00135 ;
009A                  00136 Retardo_20s                                             ; La llamada "call" aporta 2 ciclos máquina.
MPASM  5.14                  SENSORES_INT.ASM   9-22-2023  21:06:33         PAGE  7


LOC  OBJECT CODE     LINE SOURCE TEXT
  VALUE

009A   30C8           00137         movlw   d'200'                          ; Aporta 1 ciclo máquina. Este es el valor de "N".
009B   28A5           00138         goto    Retardo_1Decima         ; Aporta 2 ciclos máquina.
009C                  00139 Retardo_10s                                             ; La llamada "call" aporta 2 ciclos máquina.
009C   3064           00140         movlw   d'100'                          ; Aporta 1 ciclo máquina. Este es el valor de "N".
009D   28A5           00141         goto    Retardo_1Decima         ; Aporta 2 ciclos máquina.
009E                  00142 Retardo_5s                                              ; La llamada "call" aporta 2 ciclos máquina.
009E   3032           00143         movlw   d'50'                           ; Aporta 1 ciclo máquina. Este es el valor de "N".
009F   28A5           00144         goto    Retardo_1Decima         ; Aporta 2 ciclos máquina.
00A0                  00145 Retardo_2s                                              ; La llamada "call" aporta 2 ciclos máquina.
00A0   3014           00146         movlw   d'20'                           ; Aporta 1 ciclo máquina. Este es el valor de "N".
00A1   28A5           00147         goto    Retardo_1Decima         ; Aporta 2 ciclos máquina.
00A2                  00148 Retardo_1s                                              ; La llamada "call" aporta 2 ciclos máquina.
00A2   300A           00149         movlw   d'10'                           ; Aporta 1 ciclo máquina. Este es el valor de "N".
00A3   28A5           00150         goto    Retardo_1Decima         ; Aporta 2 ciclos máquina.
00A4                  00151 Retardo_500ms                                   ; La llamada "call" aporta 2 ciclos máquina.
00A4   3005           00152         movlw   d'5'                            ; Aporta 1 ciclo máquina. Este es el valor de "N".
                      00153 ;
                      00154 ; El próximo bloque "Retardo_1Decima" tarda:
                      00155 ; 1 + N + N + MxN + MxN + KxMxN + (K-1)xMxN + MxNx2 + (K-1)xMxNx2 +
                      00156 ;   + (M-1)xN + Nx2 + (M-1)xNx2 + (N-1) + 2 + (N-1)x2 + 2 =
                      00157 ; = (2 + 4M + 4MN + 4KM) ciclos máquina. Para K=249, M=100 y N=1 supone 100011
                      00158 ; ciclos máquina que a 4 MHz son 100011 µs = 100 ms = 0,1 s = 1 décima de segundo.
                      00159 ;
00A5                  00160 Retardo_1Decima
00A5   00A6           00161         movwf   R_ContC                         ; Aporta 1 ciclo máquina.
00A6                  00162 R1Decima_BucleExterno2
00A6   3064           00163         movlw   d'100'                          ; Aporta Nx1 ciclos máquina. Este es el valor de "M".
00A7   00A5           00164         movwf   R_ContB                         ; Aporta Nx1 ciclos máquina.
00A8                  00165 R1Decima_BucleExterno
00A8   30F9           00166         movlw   d'249'                          ; Aporta MxNx1 ciclos máquina. Este es el valor de "K".
00A9   00A4           00167         movwf   R_ContA                         ; Aporta MxNx1 ciclos máquina.
00AA                  00168 R1Decima_BucleInterno          
00AA   0000           00169         nop                                                     ; Aporta KxMxNx1 ciclos máquina.
00AB   0BA4           00170         decfsz  R_ContA,F                       ; (K-1)xMxNx1 cm (si no salta) + MxNx2 cm (al saltar).
00AC   28AA           00171         goto    R1Decima_BucleInterno   ; Aporta (K-1)xMxNx2 ciclos máquina.
00AD   0BA5           00172         decfsz  R_ContB,F                       ; (M-1)xNx1 cm (cuando no salta) + Nx2 cm (al saltar).
00AE   28A8           00173         goto    R1Decima_BucleExterno   ; Aporta (M-1)xNx2 ciclos máquina.
00AF   0BA6           00174         decfsz  R_ContC,F                       ; (N-1)x1 cm (cuando no salta) + 2 cm (al saltar).
00B0   28A6           00175         goto    R1Decima_BucleExterno2  ; Aporta (N-1)x2 ciclos máquina.
00B1   0008           00176         return                                          ; El salto del retorno aporta 2 ciclos máquina.
                      00177 ;
                      00178 ;En total estas subrutinas tardan:
                      00179 ; - Retardo_20s:        2 + 1 + 2 + (2 + 4N + 4MN + 4KMN) = 20000807 cm = 20 s.
                      00180 ;                       (N=200, M=100 y K=249).
                      00181 ; - Retardo_10s:        2 + 1 + 2 + (2 + 4N + 4MN + 4KMN) = 10000407 cm = 10 s.
                      00182 ;                       (N=100, M=100 y K=249).
                      00183 ; - Retardo_5s:         2 + 1 + 2 + (2 + 4N + 4MN + 4KMN) =  5000207 cm =  5 s.
                      00184 ;                       (N= 50, M=100 y K=249).
                      00185 ; - Retardo_2s:         2 + 1 + 2 + (2 + 4N + 4MN + 4KMN) =  2000087 cm =  2 s.
                      00186 ;                       (N= 20, M=100 y K=249).
                      00187 ; - Retardo_1s:         2 + 1 + 2 + (2 + 4N + 4MN + 4KMN) =  1000047 cm =  1 s.
                      00188 ;                       (N= 10, M=100 y K=249).
                      00189 ; - Retardo_500ms:      2 + 1     + (2 + 4N + 4MN + 4KMN) =   500025 cm = 0,5 s.
MPASM  5.14                  SENSORES_INT.ASM   9-22-2023  21:06:33         PAGE  8


LOC  OBJECT CODE     LINE SOURCE TEXT
  VALUE

                      00190 ;                       (N=  5, M=100 y K=249).
                      00191 
                      00192 ;       ===================================================================
                      00193 ;         Del libro "MICROCONTROLADOR PIC16F84. DESARROLLO DE PROYECTOS"
                      00194 ;         E. Palacios, F. Remiro y L. López.            www.pic16f84a.com
                      00195 ;         Editorial Ra-Ma.  www.ra-ma.es
                      00196 ;       ===================================================================
                      00197 
                      00198 
                      00199 
                      00200 
                      00158                 END
MPASM  5.14                  SENSORES_INT.ASM   9-22-2023  21:06:33         PAGE  9


SYMBOL TABLE
  LABEL                             VALUE 

ACKDT                             00000005
ACKEN                             00000004
ACKSTAT                           00000006
ADCON0                            0000001F
ADCON1                            0000009F
ADCS0                             00000006
ADCS1                             00000007
ADCS2                             00000006
ADC_CONVERT                       00000025
ADC_LOOP                          00000026
ADDEN                             00000003
ADECUACION_TEMPERATURA            00000030
ADFM                              00000007
ADIE                              00000006
ADIF                              00000006
ADON                              00000000
ADRESH                            0000001E
ADRESL                            0000009E
BCLIE                             00000003
BCLIF                             00000003
BF                                00000000
BRGH                              00000002
C                                 00000000
C1INV                             00000004
C1OUT                             00000006
C2INV                             00000005
C2OUT                             00000007
CANAL0                            00000021
CANAL1                            0000001D
CCP1CON                           00000017
CCP1IE                            00000002
CCP1IF                            00000002
CCP1M0                            00000000
CCP1M1                            00000001
CCP1M2                            00000002
CCP1M3                            00000003
CCP1X                             00000005
CCP1Y                             00000004
CCP2CON                           0000001D
CCP2IE                            00000000
CCP2IF                            00000000
CCP2M0                            00000000
CCP2M1                            00000001
CCP2M2                            00000002
CCP2M3                            00000003
CCP2X                             00000005
CCP2Y                             00000004
CCPR1H                            00000016
CCPR1L                            00000015
CCPR2H                            0000001C
CCPR2L                            0000001B
CHS0                              00000003
CHS1                              00000004
MPASM  5.14                  SENSORES_INT.ASM   9-22-2023  21:06:33         PAGE 10


SYMBOL TABLE
  LABEL                             VALUE 

CHS2                              00000005
CIS                               00000003
CKE                               00000006
CKP                               00000004
CM0                               00000000
CM1                               00000001
CM2                               00000002
CMCON                             0000009C
CMIE                              00000006
CMIF                              00000006
CREN                              00000004
CSRC                              00000007
CVR0                              00000000
CVR1                              00000001
CVR2                              00000002
CVR3                              00000003
CVRCON                            0000009D
CVREN                             00000007
CVROE                             00000006
CVRR                              00000005
D                                 00000005
DATA_ADDRESS                      00000005
DC                                00000001
DECENAS                           00000045
DISPLAY                           00000059
D_A                               00000005
EEADR                             0000010D
EEADRH                            0000010F
EECON1                            0000018C
EECON2                            0000018D
EEDATA                            0000010C
EEDATH                            0000010E
EEIE                              00000004
EEIF                              00000004
EEPGD                             00000007
F                                 00000001
FERR                              00000002
FSR                               00000004
GCEN                              00000007
GIE                               00000007
GO                                00000002
GO_DONE                           00000002
I2C_DATA                          00000005
I2C_READ                          00000002
I2C_START                         00000003
I2C_STOP                          00000004
IBF                               00000007
IBOV                              00000005
INDF                              00000000
INICIO                            00000005
INICIO_CODIFICACION               00000035
INTCON                            0000000B
INTE                              00000004
MPASM  5.14                  SENSORES_INT.ASM   9-22-2023  21:06:33         PAGE 11


SYMBOL TABLE
  LABEL                             VALUE 

INTEDG                            00000006
INTERRUPCION                      00000064
INTF                              00000001
IRP                               00000007
LIMPIAR_INTF                      00000069
MOSTRAR_DEC                       0000004E
NOT_A                             00000005
NOT_ADDRESS                       00000005
NOT_BO                            00000000
NOT_BOR                           00000000
NOT_DONE                          00000002
NOT_PD                            00000003
NOT_POR                           00000001
NOT_RBPU                          00000007
NOT_RC8                           00000006
NOT_T1SYNC                        00000002
NOT_TO                            00000004
NOT_TX8                           00000006
NOT_W                             00000002
NOT_WRITE                         00000002
OBF                               00000006
OERR                              00000001
OPTION_REG                        00000081
P                                 00000004
PCFG0                             00000000
PCFG1                             00000001
PCFG2                             00000002
PCFG3                             00000003
PCL                               00000002
PCLATH                            0000000A
PCON                              0000008E
PEIE                              00000006
PEN                               00000002
PIE1                              0000008C
PIE2                              0000008D
PIR1                              0000000C
PIR2                              0000000D
PORTA                             00000005
PORTB                             00000006
PORTC                             00000007
PORTD                             00000008
PORTE                             00000009
PR2                               00000092
PS0                               00000000
PS1                               00000001
PS2                               00000002
PSA                               00000003
PSPIE                             00000007
PSPIF                             00000007
PSPMODE                           00000004
R                                 00000002
R1Decima_BucleExterno             000000A8
R1Decima_BucleExterno2            000000A6
MPASM  5.14                  SENSORES_INT.ASM   9-22-2023  21:06:33         PAGE 12


SYMBOL TABLE
  LABEL                             VALUE 

R1Decima_BucleInterno             000000AA
R1ms_BucleExterno                 00000092
R1ms_BucleInterno                 00000094
RBIE                              00000003
RBIF                              00000000
RC8_9                             00000006
RC9                               00000006
RCD8                              00000000
RCEN                              00000003
RCIE                              00000005
RCIF                              00000005
RCREG                             0000001A
RCSTA                             00000018
RD                                00000000
READ_WRITE                        00000002
RP0                               00000005
RP1                               00000006
RSEN                              00000001
RX9                               00000006
RX9D                              00000000
R_ContA                           00000024
R_ContB                           00000025
R_ContC                           00000026
R_W                               00000002
RetardoMicros                     0000007E
Retardo_100micros                 00000078
Retardo_100ms                     00000084
Retardo_10micros                  0000006B
Retardo_10ms                      0000008A
Retardo_10s                       0000009C
Retardo_1Decima                   000000A5
Retardo_1ms                       00000090
Retardo_1s                        000000A2
Retardo_200micros                 00000075
Retardo_200ms                     00000082
Retardo_20micros                  0000007D
Retardo_20ms                      00000088
Retardo_20s                       0000009A
Retardo_2ms                       0000008E
Retardo_2s                        000000A0
Retardo_4micros                   00000071
Retardo_500micros                 00000072
Retardo_500ms                     000000A4
Retardo_50micros                  0000007A
Retardo_50ms                      00000086
Retardo_5micros                   00000070
Retardo_5ms                       0000008C
Retardo_5s                        0000009E
Retardos_ms                       00000091
Rmicros_Bucle                     0000007F
S                                 00000003
SEL_CANAL                         0000001B
SEN                               00000000
MPASM  5.14                  SENSORES_INT.ASM   9-22-2023  21:06:33         PAGE 13


SYMBOL TABLE
  LABEL                             VALUE 

SMP                               00000007
SPBRG                             00000099
SPEN                              00000007
SREN                              00000005
SSPADD                            00000093
SSPBUF                            00000013
SSPCON                            00000014
SSPCON2                           00000091
SSPEN                             00000005
SSPIE                             00000003
SSPIF                             00000003
SSPM0                             00000000
SSPM1                             00000001
SSPM2                             00000002
SSPM3                             00000003
SSPOV                             00000006
SSPSTAT                           00000094
STATUS                            00000003
SYNC                              00000004
T0CS                              00000005
T0IE                              00000005
T0IF                              00000002
T0SE                              00000004
T1CKPS0                           00000004
T1CKPS1                           00000005
T1CON                             00000010
T1INSYNC                          00000002
T1OSCEN                           00000003
T1SYNC                            00000002
T2CKPS0                           00000000
T2CKPS1                           00000001
T2CON                             00000012
TMR0                              00000001
TMR0IE                            00000005
TMR0IF                            00000002
TMR1CS                            00000001
TMR1H                             0000000F
TMR1IE                            00000000
TMR1IF                            00000000
TMR1L                             0000000E
TMR1ON                            00000000
TMR2                              00000011
TMR2IE                            00000001
TMR2IF                            00000001
TMR2ON                            00000002
TOUTPS0                           00000003
TOUTPS1                           00000004
TOUTPS2                           00000005
TOUTPS3                           00000006
TRISA                             00000085
TRISB                             00000086
TRISC                             00000087
TRISD                             00000088
MPASM  5.14                  SENSORES_INT.ASM   9-22-2023  21:06:33         PAGE 14


SYMBOL TABLE
  LABEL                             VALUE 

TRISE                             00000089
TRISE0                            00000000
TRISE1                            00000001
TRISE2                            00000002
TRMT                              00000001
TX8_9                             00000006
TX9                               00000006
TX9D                              00000000
TXD8                              00000000
TXEN                              00000005
TXIE                              00000004
TXIF                              00000004
TXREG                             00000019
TXSTA                             00000098
UA                                00000001
UNIDADES                          0000003F
W                                 00000000
WCOL                              00000007
WR                                00000001
WREN                              00000002
WRERR                             00000003
Z                                 00000002
_BODEN_OFF                        00003FBF
_BODEN_ON                         00003FFF
_CPD_OFF                          00003FFF
_CPD_ON                           00003EFF
_CP_ALL                           00001FFF
_CP_OFF                           00003FFF
_DEBUG_OFF                        00003FFF
_DEBUG_ON                         000037FF
_HS_OSC                           00003FFE
_LP_OSC                           00003FFC
_LVP_OFF                          00003F7F
_LVP_ON                           00003FFF
_PWRTE_OFF                        00003FFF
_PWRTE_ON                         00003FF7
_RC_OSC                           00003FFF
_WDT_OFF                          00003FFB
_WDT_ON                           00003FFF
_WRT_1FOURTH                      00003BFF
_WRT_256                          00003DFF
_WRT_HALF                         000039FF
_WRT_OFF                          00003FFF
_XT_OSC                           00003FFD
__16F877A                         00000001
bin_adc                           00000020
binario                           00000022
contador                          00000023
suma_dec                          00000021
MPASM  5.14                  SENSORES_INT.ASM   9-22-2023  21:06:33         PAGE 15


MEMORY USAGE MAP ('X' = Used,  '-' = Unused)


0000 : X---XXXXXXXXXXXX XXXXXXXXXXXXXXXX XXXXXXXXXXXXXXXX XXXXXXXXXXXXXXXX
0040 : XXXXXXXXXXXXXXXX XXXXXXXXXXXXXXXX XXXXXXXXXXXXXXXX XXXXXXXXXXXXXXXX
0080 : XXXXXXXXXXXXXXXX XXXXXXXXXXXXXXXX XXXXXXXXXXXXXXXX XX--------------
2000 : -------X-------- ---------------- ---------------- ----------------

All other memory blocks unused.

Program Memory Words Used:   175
Program Memory Words Free:  8017


Errors   :     0
Warnings :     0 reported,     0 suppressed
Messages :     7 reported,     0 suppressed

